<?xml version="1.0" encoding="UTF-8"?>
<testng-results skipped="0" failed="0" total="0" passed="0">
  <reporter-output>
  </reporter-output>
  <suite name="FirstSeleniumSuite" duration-ms="7" started-at="2016-02-17T00:24:07Z" finished-at="2016-02-17T00:24:07Z">
    <groups>
    </groups>
    <test name="FirstSeleniumProgram" duration-ms="7" started-at="2016-02-17T00:24:07Z" finished-at="2016-02-17T00:24:07Z">
    </test> <!-- FirstSeleniumProgram -->
  </suite> <!-- FirstSeleniumSuite -->
</testng-results>
